<?xml version="1.0" encoding="UTF-8"?>
<!-- Generated by org.testng.reporters.JUnitReportReporter -->
<testsuite hostname="IN-PG0352G7" failures="0" tests="4" name="com.herokuapp.test.UserTest1" time="4.723" errors="0" timestamp="2023-08-23T13:22:19 IST" skipped="0">
  <testcase classname="com.herokuapp.test.UserTest1" name="createToken" time="1.208"/>
  <system-out/>
  <testcase classname="com.herokuapp.test.UserTest1" name="testcreateBooking" time="1.174"/>
  <system-out/>
  <testcase classname="com.herokuapp.test.UserTest1" name="updatecreatedBooking" time="1.188"/>
  <system-out/>
  <testcase classname="com.herokuapp.test.UserTest1" name="getBooking" time="1.153"/>
  <system-out/>
</testsuite> <!-- com.herokuapp.test.UserTest1 -->
