<?xml version="1.0" encoding="UTF-8"?>
<!-- Generated by org.testng.reporters.JUnitReportReporter -->
<testsuite hostname="IN-PG0352G7" failures="0" tests="4" name="com.herokuapp.test.UserTest_for_Add_PartialUpdate_DeleteBooking" time="4.846" errors="0" timestamp="2023-08-23T15:03:05 IST" skipped="0">
  <testcase classname="com.herokuapp.test.UserTest_for_Add_PartialUpdate_DeleteBooking" name="createToken" time="1.223"/>
  <system-out/>
  <testcase classname="com.herokuapp.test.UserTest_for_Add_PartialUpdate_DeleteBooking" name="testcreateBooking" time="1.252"/>
  <system-out/>
  <testcase classname="com.herokuapp.test.UserTest_for_Add_PartialUpdate_DeleteBooking" name="partiallupdatecreatedBooking" time="1.176"/>
  <system-out/>
  <testcase classname="com.herokuapp.test.UserTest_for_Add_PartialUpdate_DeleteBooking" name="deleteBooking" time="1.195"/>
  <system-out/>
</testsuite> <!-- com.herokuapp.test.UserTest_for_Add_PartialUpdate_DeleteBooking -->
