<?xml version="1.0" encoding="UTF-8"?>
<!-- Generated by org.testng.reporters.JUnitReportReporter -->
<testsuite hostname="IN-PG0352G7" failures="0" tests="4" name="com.herokuapp.test.UserTest2" time="6.674" errors="0" timestamp="2023-08-23T13:22:19 IST" skipped="0">
  <testcase classname="com.herokuapp.test.UserTest2" name="createToken" time="2.684"/>
  <system-out/>
  <testcase classname="com.herokuapp.test.UserTest2" name="testcreateBooking" time="1.581"/>
  <system-out/>
  <testcase classname="com.herokuapp.test.UserTest2" name="partiallupdatecreatedBooking" time="1.187"/>
  <system-out/>
  <testcase classname="com.herokuapp.test.UserTest2" name="deleteBooking" time="1.222"/>
  <system-out/>
</testsuite> <!-- com.herokuapp.test.UserTest2 -->
