<?xml version="1.0" encoding="UTF-8"?>
<!-- Generated by org.testng.reporters.JUnitReportReporter -->
<testsuite hostname="IN-PG0352G7" failures="0" tests="5" name="com.herokuapp.test.UserTests" time="8.402" errors="0" timestamp="2023-08-22T18:03:06 IST" skipped="0">
  <testcase classname="com.herokuapp.test.UserTests" name="createToken" time="3.205"/>
  <system-out/>
  <testcase classname="com.herokuapp.test.UserTests" name="testcreateBooking" time="1.672"/>
  <system-out/>
  <testcase classname="com.herokuapp.test.UserTests" name="updatecreatedBooking" time="1.173"/>
  <system-out/>
  <testcase classname="com.herokuapp.test.UserTests" name="getBooking" time="1.191"/>
  <system-out/>
  <testcase classname="com.herokuapp.test.UserTests" name="deleteBooking" time="1.161"/>
  <system-out/>
</testsuite> <!-- com.herokuapp.test.UserTests -->
