<?xml version="1.0" encoding="UTF-8"?>
<!-- Generated by org.testng.reporters.JUnitReportReporter -->
<testsuite hostname="IN-PG0352G7" failures="0" tests="4" name="com.herokuapp.test.UserTest_for_Add_Update_GetBooking" time="7.050" errors="0" timestamp="2023-08-23T15:03:05 IST" skipped="0">
  <testcase classname="com.herokuapp.test.UserTest_for_Add_Update_GetBooking" name="createToken" time="2.972"/>
  <system-out/>
  <testcase classname="com.herokuapp.test.UserTest_for_Add_Update_GetBooking" name="testcreateBooking" time="1.675"/>
  <system-out/>
  <testcase classname="com.herokuapp.test.UserTest_for_Add_Update_GetBooking" name="updatecreatedBooking" time="1.211"/>
  <system-out/>
  <testcase classname="com.herokuapp.test.UserTest_for_Add_Update_GetBooking" name="getBooking" time="1.192"/>
  <system-out/>
</testsuite> <!-- com.herokuapp.test.UserTest_for_Add_Update_GetBooking -->
